[debug] [2024-11-05T14:38:02.127Z] ----------------------------------------------------------------------
[debug] [2024-11-05T14:38:02.129Z] Command:       /home/harlock024/.nvm/versions/node/v23.1.0/bin/node /home/harlock024/.nvm/versions/node/v23.1.0/bin/firebase deploy
[debug] [2024-11-05T14:38:02.129Z] CLI Version:   13.24.0
[debug] [2024-11-05T14:38:02.129Z] Platform:      linux
[debug] [2024-11-05T14:38:02.129Z] Node Version:  v23.1.0
[debug] [2024-11-05T14:38:02.129Z] Time:          Tue Nov 05 2024 08:38:02 GMT-0600 (hora estándar central)
[debug] [2024-11-05T14:38:02.129Z] ----------------------------------------------------------------------
[debug] 
[debug] [2024-11-05T14:38:02.178Z] > command requires scopes: ["email","openid","https://www.googleapis.com/auth/cloudplatformprojects.readonly","https://www.googleapis.com/auth/firebase","https://www.googleapis.com/auth/cloud-platform"]
[debug] [2024-11-05T14:38:02.178Z] > authorizing via signed-in user (hadith024@gmail.com)
[debug] [2024-11-05T14:38:02.178Z] [iam] checking project unite-testing-6a47b for permissions ["firebase.projects.get","firebasehosting.sites.update"]
[debug] [2024-11-05T14:38:02.179Z] Checked if tokens are valid: true, expires at: 1730820100883
[debug] [2024-11-05T14:38:02.180Z] Checked if tokens are valid: true, expires at: 1730820100883
[debug] [2024-11-05T14:38:02.180Z] >>> [apiv2][query] POST https://cloudresourcemanager.googleapis.com/v1/projects/unite-testing-6a47b:testIamPermissions [none]
[debug] [2024-11-05T14:38:02.180Z] >>> [apiv2][(partial)header] POST https://cloudresourcemanager.googleapis.com/v1/projects/unite-testing-6a47b:testIamPermissions x-goog-quota-user=projects/unite-testing-6a47b
[debug] [2024-11-05T14:38:02.181Z] >>> [apiv2][body] POST https://cloudresourcemanager.googleapis.com/v1/projects/unite-testing-6a47b:testIamPermissions {"permissions":["firebase.projects.get","firebasehosting.sites.update"]}
[debug] [2024-11-05T14:38:03.555Z] <<< [apiv2][status] POST https://cloudresourcemanager.googleapis.com/v1/projects/unite-testing-6a47b:testIamPermissions 200
[debug] [2024-11-05T14:38:03.555Z] <<< [apiv2][body] POST https://cloudresourcemanager.googleapis.com/v1/projects/unite-testing-6a47b:testIamPermissions {"permissions":["firebase.projects.get","firebasehosting.sites.update"]}
[debug] [2024-11-05T14:38:03.555Z] Checked if tokens are valid: true, expires at: 1730820100883
[debug] [2024-11-05T14:38:03.555Z] Checked if tokens are valid: true, expires at: 1730820100883
[debug] [2024-11-05T14:38:03.555Z] >>> [apiv2][query] GET https://firebase.googleapis.com/v1beta1/projects/unite-testing-6a47b [none]
[debug] [2024-11-05T14:38:14.169Z] *** [apiv2] error from fetch(https://firebase.googleapis.com/v1beta1/projects/unite-testing-6a47b, {"headers":{},"method":"GET","signal":{}}): FetchError: request to https://firebase.googleapis.com/v1beta1/projects/unite-testing-6a47b failed, reason: Client network socket disconnected before secure TLS connection was established
[debug] [2024-11-05T14:38:14.169Z] Failed to make request to https://firebase.googleapis.com/v1beta1/projects/unite-testing-6a47b (original: request to https://firebase.googleapis.com/v1beta1/projects/unite-testing-6a47b failed, reason: Client network socket disconnected before secure TLS connection was established)
[debug] [2024-11-05T14:38:14.170Z] Specified "public" directory "dist/unit-testing/browser/*" does not exist; Deploy to Hosting site "" may fail or be empty.
[error] 
[error] Error: Assertion failed: resolving hosting target of a site with no site name or target name. This should have caused an error earlier
